2019-05-31 09:33:48.643  INFO 10176 --- [main] com.course.Application                   : Starting Application on LAPTOP-S92CO38M with PID 10176 (D:\IdeaProjects\AutoTest\Chapter11\target\classes started by Administrator in D:\IdeaProjects\AutoTest)
2019-05-31 09:33:48.648  INFO 10176 --- [main] com.course.Application                   : No active profile set, falling back to default profiles: default
2019-05-31 09:33:49.499  WARN 10176 --- [main] o.m.s.mapper.ClassPathMapperScanner      : No MyBatis mapper was found in '[com.course]' package. Please check your configuration.
2019-05-31 09:33:50.159  INFO 10176 --- [main] o.s.b.w.embedded.tomcat.TomcatWebServer  : Tomcat initialized with port(s): 8888 (http)
2019-05-31 09:33:50.196  INFO 10176 --- [main] o.apache.catalina.core.StandardService   : Starting service [Tomcat]
2019-05-31 09:33:50.197  INFO 10176 --- [main] org.apache.catalina.core.StandardEngine  : Starting Servlet engine: [Apache Tomcat/9.0.19]
2019-05-31 09:33:50.327  INFO 10176 --- [main] o.a.c.c.C.[Tomcat].[localhost].[/]       : Initializing Spring embedded WebApplicationContext
2019-05-31 09:33:50.328  INFO 10176 --- [main] o.s.web.context.ContextLoader            : Root WebApplicationContext: initialization completed in 1581 ms
2019-05-31 09:33:50.882  INFO 10176 --- [main] o.s.s.concurrent.ThreadPoolTaskExecutor  : Initializing ExecutorService 'applicationTaskExecutor'
2019-05-31 09:33:51.161  INFO 10176 --- [main] o.s.s.c.ThreadPoolTaskScheduler          : Initializing ExecutorService 'taskScheduler'
2019-05-31 09:33:51.248  INFO 10176 --- [main] o.s.b.w.embedded.tomcat.TomcatWebServer  : Tomcat started on port(s): 8888 (http) with context path ''
2019-05-31 09:33:51.251  INFO 10176 --- [main] com.course.Application                   : Started Application in 3.427 seconds (JVM running for 4.983)
2019-05-31 09:34:15.905  INFO 10176 --- [http-nio-8888-exec-1] o.a.c.c.C.[Tomcat].[localhost].[/]       : Initializing Spring DispatcherServlet 'dispatcherServlet'
2019-05-31 09:34:15.905  INFO 10176 --- [http-nio-8888-exec-1] o.s.web.servlet.DispatcherServlet        : Initializing Servlet 'dispatcherServlet'
2019-05-31 09:34:15.912  INFO 10176 --- [http-nio-8888-exec-1] o.s.web.servlet.DispatcherServlet        : Completed initialization in 6 ms
2019-05-31 09:34:15.997  INFO 10176 --- [http-nio-8888-exec-1] com.zaxxer.hikari.HikariDataSource       : HikariPool-1 - Starting...
2019-05-31 09:34:16.161  INFO 10176 --- [http-nio-8888-exec-1] com.zaxxer.hikari.HikariDataSource       : HikariPool-1 - Start completed.
2019-05-31 11:40:08.819  INFO 16480 --- [main] com.course.Application                   : Starting Application on LAPTOP-S92CO38M with PID 16480 (D:\IdeaProjects\AutoTest\Chapter11\target\classes started by Administrator in D:\IdeaProjects\AutoTest)
2019-05-31 11:40:08.825  INFO 16480 --- [main] com.course.Application                   : No active profile set, falling back to default profiles: default
2019-05-31 11:40:09.712  WARN 16480 --- [main] o.m.s.mapper.ClassPathMapperScanner      : No MyBatis mapper was found in '[com.course]' package. Please check your configuration.
2019-05-31 11:40:10.286  INFO 16480 --- [main] o.s.b.w.embedded.tomcat.TomcatWebServer  : Tomcat initialized with port(s): 8888 (http)
2019-05-31 11:40:10.313  INFO 16480 --- [main] o.apache.catalina.core.StandardService   : Starting service [Tomcat]
2019-05-31 11:40:10.314  INFO 16480 --- [main] org.apache.catalina.core.StandardEngine  : Starting Servlet engine: [Apache Tomcat/9.0.19]
2019-05-31 11:40:10.430  INFO 16480 --- [main] o.a.c.c.C.[Tomcat].[localhost].[/]       : Initializing Spring embedded WebApplicationContext
2019-05-31 11:40:10.430  INFO 16480 --- [main] o.s.web.context.ContextLoader            : Root WebApplicationContext: initialization completed in 1502 ms
2019-05-31 11:40:10.948  INFO 16480 --- [main] o.s.s.concurrent.ThreadPoolTaskExecutor  : Initializing ExecutorService 'applicationTaskExecutor'
2019-05-31 11:40:11.187  INFO 16480 --- [main] o.s.s.c.ThreadPoolTaskScheduler          : Initializing ExecutorService 'taskScheduler'
2019-05-31 11:40:11.268  INFO 16480 --- [main] o.s.b.w.embedded.tomcat.TomcatWebServer  : Tomcat started on port(s): 8888 (http) with context path ''
2019-05-31 11:40:11.272  INFO 16480 --- [main] com.course.Application                   : Started Application in 3.211 seconds (JVM running for 4.308)
2019-05-31 11:40:27.456  INFO 16480 --- [http-nio-8888-exec-1] o.a.c.c.C.[Tomcat].[localhost].[/]       : Initializing Spring DispatcherServlet 'dispatcherServlet'
2019-05-31 11:40:27.457  INFO 16480 --- [http-nio-8888-exec-1] o.s.web.servlet.DispatcherServlet        : Initializing Servlet 'dispatcherServlet'
2019-05-31 11:40:27.465  INFO 16480 --- [http-nio-8888-exec-1] o.s.web.servlet.DispatcherServlet        : Completed initialization in 8 ms
2019-05-31 11:40:27.575  INFO 16480 --- [http-nio-8888-exec-1] com.zaxxer.hikari.HikariDataSource       : HikariPool-1 - Starting...
2019-05-31 11:40:27.718  INFO 16480 --- [http-nio-8888-exec-1] com.zaxxer.hikari.HikariDataSource       : HikariPool-1 - Start completed.
2019-05-31 16:50:18.393  INFO 11596 --- [main] com.course.Application                   : Starting Application on LAPTOP-S92CO38M with PID 11596 (D:\IdeaProjects\AutoTest\Chapter11\target\classes started by Administrator in D:\IdeaProjects\AutoTest)
2019-05-31 16:50:18.404  INFO 11596 --- [main] com.course.Application                   : No active profile set, falling back to default profiles: default
2019-05-31 16:50:19.740  WARN 11596 --- [main] o.m.s.mapper.ClassPathMapperScanner      : No MyBatis mapper was found in '[com.course]' package. Please check your configuration.
2019-05-31 16:50:20.640  INFO 11596 --- [main] o.s.b.w.embedded.tomcat.TomcatWebServer  : Tomcat initialized with port(s): 8888 (http)
2019-05-31 16:50:20.696  INFO 11596 --- [main] o.apache.catalina.core.StandardService   : Starting service [Tomcat]
2019-05-31 16:50:20.696  INFO 11596 --- [main] org.apache.catalina.core.StandardEngine  : Starting Servlet engine: [Apache Tomcat/9.0.19]
2019-05-31 16:50:20.872  INFO 11596 --- [main] o.a.c.c.C.[Tomcat].[localhost].[/]       : Initializing Spring embedded WebApplicationContext
2019-05-31 16:50:20.873  INFO 11596 --- [main] o.s.web.context.ContextLoader            : Root WebApplicationContext: initialization completed in 2354 ms
2019-05-31 16:50:21.586  INFO 11596 --- [main] o.s.s.concurrent.ThreadPoolTaskExecutor  : Initializing ExecutorService 'applicationTaskExecutor'
2019-05-31 16:50:21.982  INFO 11596 --- [main] o.s.s.c.ThreadPoolTaskScheduler          : Initializing ExecutorService 'taskScheduler'
2019-05-31 16:50:22.096  INFO 11596 --- [main] o.s.b.w.embedded.tomcat.TomcatWebServer  : Tomcat started on port(s): 8888 (http) with context path ''
2019-05-31 16:50:22.101  INFO 11596 --- [main] com.course.Application                   : Started Application in 4.647 seconds (JVM running for 6.252)
2019-05-31 16:57:38.847  INFO 11596 --- [http-nio-8888-exec-1] o.a.c.c.C.[Tomcat].[localhost].[/]       : Initializing Spring DispatcherServlet 'dispatcherServlet'
2019-05-31 16:57:38.848  INFO 11596 --- [http-nio-8888-exec-1] o.s.web.servlet.DispatcherServlet        : Initializing Servlet 'dispatcherServlet'
2019-05-31 16:57:38.861  INFO 11596 --- [http-nio-8888-exec-1] o.s.web.servlet.DispatcherServlet        : Completed initialization in 13 ms
2019-05-31 16:57:39.022  INFO 11596 --- [http-nio-8888-exec-1] com.zaxxer.hikari.HikariDataSource       : HikariPool-1 - Starting...
2019-05-31 16:57:39.255  INFO 11596 --- [http-nio-8888-exec-1] com.zaxxer.hikari.HikariDataSource       : HikariPool-1 - Start completed.
